#
# There is insufficient memory for the Java Runtime Environment to continue.
# Native memory allocation (malloc) failed to allocate 1299376 bytes for Chunk::new
# Possible reasons:
#   The system is out of physical RAM or swap space
#   The process is running with CompressedOops enabled, and the Java Heap may be blocking the growth of the native heap
# Possible solutions:
#   Reduce memory load on the system
#   Increase physical memory or swap space
#   Check if swap backing store is full
#   Decrease Java heap size (-Xmx/-Xms)
#   Decrease number of Java threads
#   Decrease Java thread stack sizes (-Xss)
#   Set larger code cache with -XX:ReservedCodeCacheSize=
#   JVM is running with Unscaled Compressed Oops mode in which the Java heap is
#     placed in the first 4GB address space. The Java Heap base address is the
#     maximum limit for the native heap growth. Please use -XX:HeapBaseMinAddress
#     to set the Java Heap base and to place the Java Heap above 4GB virtual address.
# This output file may be truncated or incomplete.
#
#  Out of Memory Error (./src/hotspot/share/memory/arena.cpp:197), pid=22064, tid=22140
#
# JRE version: OpenJDK Runtime Environment (11.0.12+7) (build 11.0.12+7-b1504.28-7817840)
# Java VM: OpenJDK 64-Bit Server VM (11.0.12+7-b1504.28-7817840, mixed mode, tiered, compressed oops, g1 gc, windows-amd64)
# No core dump will be written. Minidumps are not enabled by default on client versions of Windows
#

---------------  S U M M A R Y ------------

Command Line: --add-opens=java.base/java.util=ALL-UNNAMED --add-opens=java.base/java.lang=ALL-UNNAMED --add-opens=java.base/java.lang.invoke=ALL-UNNAMED --add-opens=java.base/java.util=ALL-UNNAMED --add-opens=java.prefs/java.util.prefs=ALL-UNNAMED --add-opens=java.prefs/java.util.prefs=ALL-UNNAMED --add-opens=java.base/java.nio.charset=ALL-UNNAMED --add-opens=java.base/java.net=ALL-UNNAMED --add-opens=java.base/java.util.concurrent.atomic=ALL-UNNAMED -Xmx2048m -Dfile.encoding=UTF-8 -Duser.country=US -Duser.language=en -Duser.variant org.gradle.launcher.daemon.bootstrap.GradleDaemon 7.3.3

Host: Intel(R) Pentium(R) Silver N5030 CPU @ 1.10GHz, 4 cores, 3G,  Windows 10 , 64 bit Build 22000 (10.0.22000.708)
Time: Fri Oct  7 21:04:24 2022 Eastern Daylight Time elapsed time: 157.501223 seconds (0d 0h 2m 37s)

---------------  T H R E A D  ---------------

Current thread (0x000001db7d0f7000):  JavaThread "C2 CompilerThread0" daemon [_thread_in_native, id=22140, stack(0x000000830ae00000,0x000000830af00000)]


Current CompileTask:
C2: 157503 2221   !   4       java.lang.ClassLoader::loadClass (122 bytes)

Stack: [0x000000830ae00000,0x000000830af00000]
Native frames: (J=compiled Java code, j=interpreted, Vv=VM code, C=native code)
V  [jvm.dll+0x5fbcea]
V  [jvm.dll+0x731905]
V  [jvm.dll+0x732f1d]
V  [jvm.dll+0x7335d3]
V  [jvm.dll+0x247bf8]
V  [jvm.dll+0xc018c]
V  [jvm.dll+0xc06cc]
V  [jvm.dll+0x35b2db]
V  [jvm.dll+0x328803]
V  [jvm.dll+0x327cfa]
V  [jvm.dll+0x200602]
V  [jvm.dll+0x1ff794]
V  [jvm.dll+0x18868c]
V  [jvm.dll+0x20e0d7]
V  [jvm.dll+0x20c901]
V  [jvm.dll+0x6f9b7f]
V  [jvm.dll+0x6f26a5]
V  [jvm.dll+0x5fabf6]
C  [ucrtbase.dll+0x26c0c]
C  [KERNEL32.DLL+0x154e0]
C  [ntdll.dll+0x485b]


---------------  P R O C E S S  ---------------

Threads class SMR info:
_java_thread_list=0x000001db7deb2340, length=23, elements={
0x000001db634ce000, 0x000001db7d08c000, 0x000001db7d08c800, 0x000001db7d0ee800,
0x000001db7d0ef800, 0x000001db7d0f1000, 0x000001db7d0f7000, 0x000001db7d0fb000,
0x000001db7d0fd000, 0x000001db7db89800, 0x000001db00083800, 0x000001db7eb93800,
0x000001db7f379000, 0x000001db7edb3800, 0x000001db7f51e800, 0x000001db7e9b4800,
0x000001db7ee0a800, 0x000001db005d0000, 0x000001db7db51800, 0x000001db7e72d000,
0x000001db7e72c800, 0x000001db7e72e000, 0x000001db7e72f000
}

Java Threads: ( => current thread )
  0x000001db634ce000 JavaThread "main" [_thread_blocked, id=18664, stack(0x000000830a200000,0x000000830a300000)]
  0x000001db7d08c000 JavaThread "Reference Handler" daemon [_thread_blocked, id=10892, stack(0x000000830a900000,0x000000830aa00000)]
  0x000001db7d08c800 JavaThread "Finalizer" daemon [_thread_blocked, id=17128, stack(0x000000830aa00000,0x000000830ab00000)]
  0x000001db7d0ee800 JavaThread "Signal Dispatcher" daemon [_thread_blocked, id=1412, stack(0x000000830ab00000,0x000000830ac00000)]
  0x000001db7d0ef800 JavaThread "Attach Listener" daemon [_thread_blocked, id=21828, stack(0x000000830ac00000,0x000000830ad00000)]
  0x000001db7d0f1000 JavaThread "Service Thread" daemon [_thread_blocked, id=15740, stack(0x000000830ad00000,0x000000830ae00000)]
=>0x000001db7d0f7000 JavaThread "C2 CompilerThread0" daemon [_thread_in_native, id=22140, stack(0x000000830ae00000,0x000000830af00000)]
  0x000001db7d0fb000 JavaThread "C1 CompilerThread0" daemon [_thread_blocked, id=1356, stack(0x000000830af00000,0x000000830b000000)]
  0x000001db7d0fd000 JavaThread "Sweeper thread" daemon [_thread_blocked, id=12712, stack(0x000000830b000000,0x000000830b100000)]
  0x000001db7db89800 JavaThread "Common-Cleaner" daemon [_thread_blocked, id=16872, stack(0x000000830b100000,0x000000830b200000)]
  0x000001db00083800 JavaThread "Daemon health stats" [_thread_blocked, id=18108, stack(0x000000830b400000,0x000000830b500000)]
  0x000001db7eb93800 JavaThread "Incoming local TCP Connector on port 57547" [_thread_in_native, id=20524, stack(0x000000830b500000,0x000000830b600000)]
  0x000001db7f379000 JavaThread "Daemon periodic checks" [_thread_blocked, id=12136, stack(0x000000830b600000,0x000000830b700000)]
  0x000001db7edb3800 JavaThread "Daemon" [_thread_blocked, id=2680, stack(0x0000008309f00000,0x000000830a000000)]
  0x000001db7f51e800 JavaThread "Handler for socket connection from /127.0.0.1:57547 to /127.0.0.1:57591" [_thread_in_native, id=5840, stack(0x000000830a000000,0x000000830a100000)]
  0x000001db7e9b4800 JavaThread "Cancel handler" [_thread_blocked, id=8332, stack(0x000000830a100000,0x000000830a200000)]
  0x000001db7ee0a800 JavaThread "Daemon worker" [_thread_in_vm, id=908, stack(0x000000830b900000,0x000000830ba00000)]
  0x000001db005d0000 JavaThread "Asynchronous log dispatcher for DefaultDaemonConnection: socket connection from /127.0.0.1:57547 to /127.0.0.1:57591" [_thread_blocked, id=16152, stack(0x000000830ba00000,0x000000830bb00000)]
  0x000001db7db51800 JavaThread "Stdin handler" [_thread_blocked, id=2216, stack(0x000000830bb00000,0x000000830bc00000)]
  0x000001db7e72d000 JavaThread "Daemon client event forwarder" [_thread_blocked, id=2036, stack(0x000000830bc00000,0x000000830bd00000)]
  0x000001db7e72c800 JavaThread "Cache worker for journal cache (C:\Users\FAvour\.gradle\caches\journal-1)" [_thread_blocked, id=12924, stack(0x000000830be00000,0x000000830bf00000)]
  0x000001db7e72e000 JavaThread "File lock request listener" [_thread_in_native, id=15644, stack(0x000000830bf00000,0x000000830c000000)]
  0x000001db7e72f000 JavaThread "Cache worker for file hash cache (C:\Users\FAvour\.gradle\caches\7.3.3\fileHashes)" [_thread_blocked, id=17964, stack(0x000000830c000000,0x000000830c100000)]

Other Threads:
  0x000001db7d087800 VMThread "VM Thread" [stack: 0x000000830a800000,0x000000830a900000] [id=1036]
  0x000001db7db8f800 WatcherThread [stack: 0x000000830b200000,0x000000830b300000] [id=5608]
  0x000001db634e6000 GCTaskThread "GC Thread#0" [stack: 0x000000830a300000,0x000000830a400000] [id=11344]
  0x000001db7dc0f000 GCTaskThread "GC Thread#1" [stack: 0x000000830b300000,0x000000830b400000] [id=9572]
  0x000001db7ddc2800 GCTaskThread "GC Thread#2" [stack: 0x000000830b800000,0x000000830b900000] [id=22196]
  0x000001db7e66e800 GCTaskThread "GC Thread#3" [stack: 0x000000830bd00000,0x000000830be00000] [id=18636]
  0x000001db63517800 ConcurrentGCThread "G1 Main Marker" [stack: 0x000000830a400000,0x000000830a500000] [id=3824]
  0x000001db6351a000 ConcurrentGCThread "G1 Conc#0" [stack: 0x000000830a500000,0x000000830a600000] [id=3468]
  0x000001db63571800 ConcurrentGCThread "G1 Refine#0" [stack: 0x000000830a600000,0x000000830a700000] [id=16284]
  0x000001db63573000 ConcurrentGCThread "G1 Young RemSet Sampling" [stack: 0x000000830a700000,0x000000830a800000] [id=10364]

Threads with active compile tasks:
C2 CompilerThread0 157814 2221   !   4       java.lang.ClassLoader::loadClass (122 bytes)

VM state:not at safepoint (normal execution)

VM Mutex/Monitor currently owned by a thread: None

Heap address: 0x0000000080000000, size: 2048 MB, Compressed Oops mode: 32-bit
Narrow klass base: 0x0000000000000000, Narrow klass shift: 3
Compressed class space size: 1073741824 Address: 0x0000000100000000

Heap:
 garbage-first heap   total 63488K, used 17357K [0x0000000080000000, 0x0000000100000000)
  region size 1024K, 2 young (2048K), 1 survivors (1024K)
 Metaspace       used 20763K, capacity 21212K, committed 21424K, reserved 1069056K
  class space    used 2541K, capacity 2710K, committed 2816K, reserved 1048576K
Heap Regions: E=young(eden), S=young(survivor), O=old, HS=humongous(starts), HC=humongous(continues), CS=collection set, F=free, A=archive, TAMS=top-at-mark-start (previous, next)
|   0|0x0000000080000000, 0x0000000080100000, 0x0000000080100000|100%| O|  |TAMS 0x0000000080100000, 0x0000000080000000| Untracked 
|   1|0x0000000080100000, 0x0000000080200000, 0x0000000080200000|100%| O|  |TAMS 0x0000000080200000, 0x0000000080100000| Untracked 
|   2|0x0000000080200000, 0x0000000080300000, 0x0000000080300000|100%| O|  |TAMS 0x0000000080300000, 0x0000000080200000| Untracked 
|   3|0x0000000080300000, 0x0000000080400000, 0x0000000080400000|100%|HS|  |TAMS 0x0000000080400000, 0x0000000080300000| Complete 
|   4|0x0000000080400000, 0x0000000080500000, 0x0000000080500000|100%|HC|  |TAMS 0x0000000080500000, 0x0000000080400000| Complete 
|   5|0x0000000080500000, 0x0000000080600000, 0x0000000080600000|100%|HC|  |TAMS 0x0000000080600000, 0x0000000080500000| Complete 
|   6|0x0000000080600000, 0x0000000080700000, 0x0000000080700000|100%| O|  |TAMS 0x0000000080700000, 0x0000000080600000| Untracked 
|   7|0x0000000080700000, 0x0000000080800000, 0x0000000080800000|100%| O|  |TAMS 0x0000000080800000, 0x0000000080700000| Untracked 
|   8|0x0000000080800000, 0x0000000080900000, 0x0000000080900000|100%| O|  |TAMS 0x0000000080900000, 0x0000000080800000| Untracked 
|   9|0x0000000080900000, 0x0000000080a00000, 0x0000000080a00000|100%| O|  |TAMS 0x0000000080a00000, 0x0000000080900000| Untracked 
|  10|0x0000000080a00000, 0x0000000080b00000, 0x0000000080b00000|100%| O|  |TAMS 0x0000000080b00000, 0x0000000080a00000| Untracked 
|  11|0x0000000080b00000, 0x0000000080c00000, 0x0000000080c00000|100%| O|  |TAMS 0x0000000080c00000, 0x0000000080b00000| Untracked 
|  12|0x0000000080c00000, 0x0000000080d00000, 0x0000000080d00000|100%| O|  |TAMS 0x0000000080d00000, 0x0000000080c00000| Untracked 
|  13|0x0000000080d00000, 0x0000000080e00000, 0x0000000080e00000|100%| O|  |TAMS 0x0000000080e00000, 0x0000000080d00000| Untracked 
|  14|0x0000000080e00000, 0x0000000080f00000, 0x0000000080f00000|100%| O|  |TAMS 0x0000000080f00000, 0x0000000080e00000| Untracked 
|  15|0x0000000080f00000, 0x0000000081000000, 0x0000000081000000|100%| O|  |TAMS 0x0000000081000000, 0x0000000080f00000| Untracked 
|  16|0x0000000081000000, 0x000000008101e000, 0x0000000081100000| 11%| O|  |TAMS 0x000000008101e000, 0x0000000081000000| Untracked 
|  17|0x0000000081100000, 0x0000000081100000, 0x0000000081200000|  0%| F|  |TAMS 0x0000000081100000, 0x0000000081100000| Untracked 
|  18|0x0000000081200000, 0x0000000081200000, 0x0000000081300000|  0%| F|  |TAMS 0x0000000081200000, 0x0000000081200000| Untracked 
|  19|0x0000000081300000, 0x0000000081300000, 0x0000000081400000|  0%| F|  |TAMS 0x0000000081300000, 0x0000000081300000| Untracked 
|  20|0x0000000081400000, 0x0000000081400000, 0x0000000081500000|  0%| F|  |TAMS 0x0000000081400000, 0x0000000081400000| Untracked 
|  21|0x0000000081500000, 0x0000000081500000, 0x0000000081600000|  0%| F|  |TAMS 0x0000000081500000, 0x0000000081500000| Untracked 
|  22|0x0000000081600000, 0x0000000081600000, 0x0000000081700000|  0%| F|  |TAMS 0x0000000081600000, 0x0000000081600000| Untracked 
|  23|0x0000000081700000, 0x0000000081700000, 0x0000000081800000|  0%| F|  |TAMS 0x0000000081700000, 0x0000000081700000| Untracked 
|  24|0x0000000081800000, 0x0000000081800000, 0x0000000081900000|  0%| F|  |TAMS 0x0000000081800000, 0x0000000081800000| Untracked 
|  25|0x0000000081900000, 0x0000000081900000, 0x0000000081a00000|  0%| F|  |TAMS 0x0000000081900000, 0x0000000081900000| Untracked 
|  26|0x0000000081a00000, 0x0000000081a00000, 0x0000000081b00000|  0%| F|  |TAMS 0x0000000081a00000, 0x0000000081a00000| Untracked 
|  27|0x0000000081b00000, 0x0000000081b00000, 0x0000000081c00000|  0%| F|  |TAMS 0x0000000081b00000, 0x0000000081b00000| Untracked 
|  28|0x0000000081c00000, 0x0000000081c00000, 0x0000000081d00000|  0%| F|  |TAMS 0x0000000081c00000, 0x0000000081c00000| Untracked 
|  29|0x0000000081d00000, 0x0000000081d00000, 0x0000000081e00000|  0%| F|  |TAMS 0x0000000081d00000, 0x0000000081d00000| Untracked 
|  30|0x0000000081e00000, 0x0000000081e00000, 0x0000000081f00000|  0%| F|  |TAMS 0x0000000081e00000, 0x0000000081e00000| Untracked 
|  31|0x0000000081f00000, 0x0000000081f00000, 0x0000000082000000|  0%| F|  |TAMS 0x0000000081f00000, 0x0000000081f00000| Untracked 
|  32|0x0000000082000000, 0x0000000082000000, 0x0000000082100000|  0%| F|  |TAMS 0x0000000082000000, 0x0000000082000000| Untracked 
|  33|0x0000000082100000, 0x0000000082100000, 0x0000000082200000|  0%| F|  |TAMS 0x0000000082100000, 0x0000000082100000| Untracked 
|  34|0x0000000082200000, 0x0000000082200000, 0x0000000082300000|  0%| F|  |TAMS 0x0000000082200000, 0x0000000082200000| Untracked 
|  35|0x0000000082300000, 0x0000000082300000, 0x0000000082400000|  0%| F|  |TAMS 0x0000000082300000, 0x0000000082300000| Untracked 
|  36|0x0000000082400000, 0x0000000082400000, 0x0000000082500000|  0%| F|  |TAMS 0x0000000082400000, 0x0000000082400000| Untracked 
|  37|0x0000000082500000, 0x0000000082500000, 0x0000000082600000|  0%| F|  |TAMS 0x0000000082500000, 0x0000000082500000| Untracked 
|  38|0x0000000082600000, 0x0000000082600000, 0x0000000082700000|  0%| F|  |TAMS 0x0000000082600000, 0x0000000082600000| Untracked 
|  39|0x0000000082700000, 0x0000000082700000, 0x0000000082800000|  0%| F|  |TAMS 0x0000000082700000, 0x0000000082700000| Untracked 
|  40|0x0000000082800000, 0x0000000082800000, 0x0000000082900000|  0%| F|  |TAMS 0x0000000082800000, 0x0000000082800000| Untracked 
|  41|0x0000000082900000, 0x0000000082900000, 0x0000000082a00000|  0%| F|  |TAMS 0x0000000082900000, 0x0000000082900000| Untracked 
|  42|0x0000000082a00000, 0x0000000082a00000, 0x0000000082b00000|  0%| F|  |TAMS 0x0000000082a00000, 0x0000000082a00000| Untracked 
|  43|0x0000000082b00000, 0x0000000082b00000, 0x0000000082c00000|  0%| F|  |TAMS 0x0000000082b00000, 0x0000000082b00000| Untracked 
|  44|0x0000000082c00000, 0x0000000082c00000, 0x0000000082d00000|  0%| F|  |TAMS 0x0000000082c00000, 0x0000000082c00000| Untracked 
|  45|0x0000000082d00000, 0x0000000082d00000, 0x0000000082e00000|  0%| F|  |TAMS 0x0000000082d00000, 0x0000000082d00000| Untracked 
|  46|0x0000000082e00000, 0x0000000082e00000, 0x0000000082f00000|  0%| F|  |TAMS 0x0000000082e00000, 0x0000000082e00000| Untracked 
|  47|0x0000000082f00000, 0x0000000082f00000, 0x0000000083000000|  0%| F|  |TAMS 0x0000000082f00000, 0x0000000082f00000| Untracked 
|  48|0x0000000083000000, 0x0000000083000000, 0x0000000083100000|  0%| F|  |TAMS 0x0000000083000000, 0x0000000083000000| Untracked 
|  49|0x0000000083100000, 0x00000000831d5410, 0x0000000083200000| 83%| S|CS|TAMS 0x0000000083100000, 0x0000000083100000| Complete 
|  50|0x0000000083200000, 0x0000000083200000, 0x0000000083300000|  0%| F|  |TAMS 0x0000000083200000, 0x0000000083200000| Untracked 
|  51|0x0000000083300000, 0x0000000083300000, 0x0000000083400000|  0%| F|  |TAMS 0x0000000083300000, 0x0000000083300000| Untracked 
|  52|0x0000000083400000, 0x0000000083400000, 0x0000000083500000|  0%| F|  |TAMS 0x0000000083400000, 0x0000000083400000| Untracked 
|  53|0x0000000083500000, 0x0000000083500000, 0x0000000083600000|  0%| F|  |TAMS 0x0000000083500000, 0x0000000083500000| Untracked 
|  54|0x0000000083600000, 0x0000000083600000, 0x0000000083700000|  0%| F|  |TAMS 0x0000000083600000, 0x0000000083600000| Untracked 
|  55|0x0000000083700000, 0x0000000083700000, 0x0000000083800000|  0%| F|  |TAMS 0x0000000083700000, 0x0000000083700000| Untracked 
|  56|0x0000000083800000, 0x0000000083800000, 0x0000000083900000|  0%| F|  |TAMS 0x0000000083800000, 0x0000000083800000| Untracked 
|  57|0x0000000083900000, 0x0000000083900000, 0x0000000083a00000|  0%| F|  |TAMS 0x0000000083900000, 0x0000000083900000| Untracked 
|  58|0x0000000083a00000, 0x0000000083a00000, 0x0000000083b00000|  0%| F|  |TAMS 0x0000000083a00000, 0x0000000083a00000| Untracked 
|  59|0x0000000083b00000, 0x0000000083b00000, 0x0000000083c00000|  0%| F|  |TAMS 0x0000000083b00000, 0x0000000083b00000| Untracked 
|  60|0x0000000083c00000, 0x0000000083c00000, 0x0000000083d00000|  0%| F|  |TAMS 0x0000000083c00000, 0x0000000083c00000| Untracked 
|  61|0x0000000083d00000, 0x0000000083d72838, 0x0000000083e00000| 44%| E|  |TAMS 0x0000000083d00000, 0x0000000083d00000| Complete 

Card table byte_map: [0x000001db763e0000,0x000001db767e0000] _byte_map_base: 0x000001db75fe0000

Marking Bits (Prev, Next): (CMBitMap*) 0x000001db6350ea70, (CMBitMap*) 0x000001db6350ea38
 Prev Bits: [0x000001db78be0000, 0x000001db7abe0000)
 Next Bits: [0x000001db76be0000, 0x000001db78be0000)

Polling page: 0x000001db61480000

Metaspace:

Usage:
  Non-class:     18.07 MB capacity,    17.80 MB ( 98%) used,   244.71 KB (  1%) free+waste,    34.38 KB ( <1%) overhead. 
      Class:      2.65 MB capacity,     2.48 MB ( 94%) used,   152.07 KB (  6%) free+waste,    16.50 KB ( <1%) overhead. 
       Both:     20.71 MB capacity,    20.28 MB ( 98%) used,   396.78 KB (  2%) free+waste,    50.88 KB ( <1%) overhead. 

Virtual space:
  Non-class space:       20.00 MB reserved,      18.17 MB ( 91%) committed 
      Class space:        1.00 GB reserved,       2.75 MB ( <1%) committed 
             Both:        1.02 GB reserved,      20.92 MB (  2%) committed 

Chunk freelists:
   Non-Class:  58.00 KB
       Class:  10.00 KB
        Both:  68.00 KB

MaxMetaspaceSize: 17179869184.00 GB
CompressedClassSpaceSize: 1.00 GB
Initial GC threshold: 20.80 MB
Current GC threshold: 34.87 MB
CDS: off

CodeHeap 'non-profiled nmethods': size=120064Kb used=1042Kb max_used=1042Kb free=119021Kb
 bounds [0x000001db6eaa0000, 0x000001db6ed10000, 0x000001db75fe0000]
CodeHeap 'profiled nmethods': size=120000Kb used=4611Kb max_used=4611Kb free=115388Kb
 bounds [0x000001db67570000, 0x000001db67a00000, 0x000001db6eaa0000]
CodeHeap 'non-nmethods': size=5696Kb used=1207Kb max_used=1226Kb free=4488Kb
 bounds [0x000001db66fe0000, 0x000001db67250000, 0x000001db67570000]
 total_blobs=2674 nmethods=2199 adapters=388
 compilation: enabled
              stopped_count=0, restarted_count=0
 full_count=0

Compilation events (20 events):
Event: 156.863 Thread 0x000001db7d0fb000 nmethod 2214 0x000001db6eba3990 code [0x000001db6eba3b40, 0x000001db6eba3bf8]
Event: 156.870 Thread 0x000001db7d0fb000 2215       3       java.lang.invoke.DirectMethodHandle::shouldBeInitialized (123 bytes)
Event: 156.884 Thread 0x000001db7d0fb000 nmethod 2215 0x000001db679ead90 code [0x000001db679eb180, 0x000001db679ec7d8]
Event: 156.884 Thread 0x000001db7d0fb000 2216       1       java.lang.invoke.MethodHandleImpl::isCompileConstant (2 bytes)
Event: 156.884 Thread 0x000001db7d0fb000 nmethod 2216 0x000001db6eba3c90 code [0x000001db6eba3e40, 0x000001db6eba3ed8]
Event: 157.101 Thread 0x000001db7d0fb000 2217       1       jdk.internal.reflect.DelegatingMethodAccessorImpl::setDelegate (6 bytes)
Event: 157.102 Thread 0x000001db7d0fb000 nmethod 2217 0x000001db6eba3f90 code [0x000001db6eba4140, 0x000001db6eba4238]
Event: 157.115 Thread 0x000001db7d0fb000 2218       1       java.lang.reflect.Method::getMethodAccessor (5 bytes)
Event: 157.115 Thread 0x000001db7d0fb000 nmethod 2218 0x000001db6eba4290 code [0x000001db6eba4440, 0x000001db6eba44f8]
Event: 157.115 Thread 0x000001db7d0fb000 2219       3       jdk.internal.reflect.MethodAccessorImpl::<init> (5 bytes)
Event: 157.115 Thread 0x000001db7d0fb000 nmethod 2219 0x000001db679ece90 code [0x000001db679ed040, 0x000001db679ed1f8]
Event: 157.116 Thread 0x000001db7d0fb000 2220       1       jdk.internal.reflect.NativeMethodAccessorImpl::setParent (6 bytes)
Event: 157.116 Thread 0x000001db7d0fb000 nmethod 2220 0x000001db6eba4590 code [0x000001db6eba4740, 0x000001db6eba4838]
Event: 157.123 Thread 0x000001db7d0f7000 2221   !   4       java.lang.ClassLoader::loadClass (122 bytes)
Event: 157.236 Thread 0x000001db7d0fb000 2222       3       org.gradle.internal.file.FilePathUtil::sizeOfCommonPrefix (142 bytes)
Event: 157.241 Thread 0x000001db7d0fb000 nmethod 2222 0x000001db679ed310 code [0x000001db679ed760, 0x000001db679ef938]
Event: 157.241 Thread 0x000001db7d0fb000 2223       3       org.gradle.internal.file.FileHierarchySet$Node::sizeOfCommonPrefix (10 bytes)
Event: 157.241 Thread 0x000001db7d0fb000 nmethod 2223 0x000001db679f0690 code [0x000001db679f0860, 0x000001db679f09e8]
Event: 157.241 Thread 0x000001db7d0fb000 2224       3       org.gradle.internal.file.FilePathUtil::sizeOfCommonPrefix (10 bytes)
Event: 157.241 Thread 0x000001db7d0fb000 nmethod 2224 0x000001db679f0b10 code [0x000001db679f0cc0, 0x000001db679f0dc8]

GC Heap History (14 events):
Event: 8.068 GC heap before
{Heap before GC invocations=0 (full 0):
 garbage-first heap   total 63488K, used 20480K [0x0000000080000000, 0x0000000100000000)
  region size 1024K, 14 young (14336K), 0 survivors (0K)
 Metaspace       used 6746K, capacity 6929K, committed 7168K, reserved 1056768K
  class space    used 582K, capacity 650K, committed 768K, reserved 1048576K
}
Event: 8.122 GC heap after
{Heap after GC invocations=1 (full 0):
 garbage-first heap   total 63488K, used 7875K [0x0000000080000000, 0x0000000100000000)
  region size 1024K, 2 young (2048K), 2 survivors (2048K)
 Metaspace       used 6746K, capacity 6929K, committed 7168K, reserved 1056768K
  class space    used 582K, capacity 650K, committed 768K, reserved 1048576K
}
Event: 11.648 GC heap before
{Heap before GC invocations=1 (full 0):
 garbage-first heap   total 63488K, used 19139K [0x0000000080000000, 0x0000000100000000)
  region size 1024K, 13 young (13312K), 2 survivors (2048K)
 Metaspace       used 9908K, capacity 10122K, committed 10368K, reserved 1058816K
  class space    used 1028K, capacity 1102K, committed 1152K, reserved 1048576K
}
Event: 11.655 GC heap after
{Heap after GC invocations=2 (full 0):
 garbage-first heap   total 63488K, used 9552K [0x0000000080000000, 0x0000000100000000)
  region size 1024K, 2 young (2048K), 2 survivors (2048K)
 Metaspace       used 9908K, capacity 10122K, committed 10368K, reserved 1058816K
  class space    used 1028K, capacity 1102K, committed 1152K, reserved 1048576K
}
Event: 14.304 GC heap before
{Heap before GC invocations=2 (full 0):
 garbage-first heap   total 63488K, used 32080K [0x0000000080000000, 0x0000000100000000)
  region size 1024K, 24 young (24576K), 2 survivors (2048K)
 Metaspace       used 10829K, capacity 11013K, committed 11264K, reserved 1058816K
  class space    used 1130K, capacity 1207K, committed 1280K, reserved 1048576K
}
Event: 14.310 GC heap after
{Heap after GC invocations=3 (full 0):
 garbage-first heap   total 63488K, used 9882K [0x0000000080000000, 0x0000000100000000)
  region size 1024K, 2 young (2048K), 2 survivors (2048K)
 Metaspace       used 10829K, capacity 11013K, committed 11264K, reserved 1058816K
  class space    used 1130K, capacity 1207K, committed 1280K, reserved 1048576K
}
Event: 16.092 GC heap before
{Heap before GC invocations=3 (full 0):
 garbage-first heap   total 63488K, used 35482K [0x0000000080000000, 0x0000000100000000)
  region size 1024K, 27 young (27648K), 2 survivors (2048K)
 Metaspace       used 11298K, capacity 11517K, committed 11648K, reserved 1058816K
  class space    used 1228K, capacity 1311K, committed 1408K, reserved 1048576K
}
Event: 16.103 GC heap after
{Heap after GC invocations=4 (full 0):
 garbage-first heap   total 63488K, used 14319K [0x0000000080000000, 0x0000000100000000)
  region size 1024K, 4 young (4096K), 4 survivors (4096K)
 Metaspace       used 11298K, capacity 11517K, committed 11648K, reserved 1058816K
  class space    used 1228K, capacity 1311K, committed 1408K, reserved 1048576K
}
Event: 131.615 GC heap before
{Heap before GC invocations=4 (full 0):
 garbage-first heap   total 63488K, used 38895K [0x0000000080000000, 0x0000000100000000)
  region size 1024K, 29 young (29696K), 4 survivors (4096K)
 Metaspace       used 17853K, capacity 18208K, committed 18432K, reserved 1064960K
  class space    used 2094K, capacity 2241K, committed 2304K, reserved 1048576K
}
Event: 132.580 GC heap after
{Heap after GC invocations=5 (full 0):
 garbage-first heap   total 63488K, used 16541K [0x0000000080000000, 0x0000000100000000)
  region size 1024K, 3 young (3072K), 3 survivors (3072K)
 Metaspace       used 17853K, capacity 18208K, committed 18432K, reserved 1064960K
  class space    used 2094K, capacity 2241K, committed 2304K, reserved 1048576K
}
Event: 150.309 GC heap before
{Heap before GC invocations=5 (full 0):
 garbage-first heap   total 63488K, used 30877K [0x0000000080000000, 0x0000000100000000)
  region size 1024K, 18 young (18432K), 3 survivors (3072K)
 Metaspace       used 19568K, capacity 19956K, committed 20224K, reserved 1067008K
  class space    used 2370K, capacity 2504K, committed 2560K, reserved 1048576K
}
Event: 150.452 GC heap after
{Heap after GC invocations=6 (full 0):
 garbage-first heap   total 63488K, used 16992K [0x0000000080000000, 0x0000000100000000)
  region size 1024K, 1 young (1024K), 1 survivors (1024K)
 Metaspace       used 19568K, capacity 19956K, committed 20224K, reserved 1067008K
  class space    used 2370K, capacity 2504K, committed 2560K, reserved 1048576K
}
Event: 157.144 GC heap before
{Heap before GC invocations=6 (full 0):
 garbage-first heap   total 63488K, used 28256K [0x0000000080000000, 0x0000000100000000)
  region size 1024K, 13 young (13312K), 1 survivors (1024K)
 Metaspace       used 20742K, capacity 21180K, committed 21296K, reserved 1069056K
  class space    used 2533K, capacity 2678K, committed 2688K, reserved 1048576K
}
Event: 157.200 GC heap after
{Heap after GC invocations=7 (full 0):
 garbage-first heap   total 63488K, used 17357K [0x0000000080000000, 0x0000000100000000)
  region size 1024K, 1 young (1024K), 1 survivors (1024K)
 Metaspace       used 20742K, capacity 21180K, committed 21296K, reserved 1069056K
  class space    used 2533K, capacity 2678K, committed 2688K, reserved 1048576K
}

Deoptimization events (20 events):
Event: 156.080 Thread 0x000001db7ee0a800 Uncommon trap: trap_request=0xffffffde fr.pc=0x000001db6eab8440 relative=0x00000000000003a0
Event: 156.082 Thread 0x000001db7ee0a800 Uncommon trap: reason=class_check action=maybe_recompile pc=0x000001db6eab8440 method=java.util.regex.Matcher.match(II)Z @ 121 c2
Event: 156.083 Thread 0x000001db7ee0a800 DEOPT PACKING pc=0x000001db6eab8440 sp=0x000000830b9f9a50
Event: 156.085 Thread 0x000001db7ee0a800 DEOPT UNPACKING pc=0x000001db6702a1a9 sp=0x000000830b9f9a10 mode 2
Event: 156.395 Thread 0x000001db7ee0a800 Uncommon trap: trap_request=0xffffffde fr.pc=0x000001db6eab8440 relative=0x00000000000003a0
Event: 156.395 Thread 0x000001db7ee0a800 Uncommon trap: reason=class_check action=maybe_recompile pc=0x000001db6eab8440 method=java.util.regex.Matcher.match(II)Z @ 121 c2
Event: 156.395 Thread 0x000001db7ee0a800 DEOPT PACKING pc=0x000001db6eab8440 sp=0x000000830b9f96b0
Event: 156.395 Thread 0x000001db7ee0a800 DEOPT UNPACKING pc=0x000001db6702a1a9 sp=0x000000830b9f9670 mode 2
Event: 156.624 Thread 0x000001db7ee0a800 Uncommon trap: trap_request=0xffffff4d fr.pc=0x000001db6eb10d7c relative=0x0000000000000b5c
Event: 156.624 Thread 0x000001db7ee0a800 Uncommon trap: reason=unstable_if action=reinterpret pc=0x000001db6eb10d7c method=java.util.Properties$LineReader.readLine()I @ 249 c2
Event: 156.624 Thread 0x000001db7ee0a800 DEOPT PACKING pc=0x000001db6eb10d7c sp=0x000000830b9f9380
Event: 156.625 Thread 0x000001db7ee0a800 DEOPT UNPACKING pc=0x000001db6702a1a9 sp=0x000000830b9f9320 mode 2
Event: 156.673 Thread 0x000001db7ee0a800 Uncommon trap: trap_request=0xffffff4d fr.pc=0x000001db6eb0fd58 relative=0x00000000000001f8
Event: 156.673 Thread 0x000001db7ee0a800 Uncommon trap: reason=unstable_if action=reinterpret pc=0x000001db6eb0fd58 method=java.util.regex.Matcher.reset()Ljava/util/regex/Matcher; @ 71 c2
Event: 156.673 Thread 0x000001db7ee0a800 DEOPT PACKING pc=0x000001db6eb0fd58 sp=0x000000830b9f87b0
Event: 156.673 Thread 0x000001db7ee0a800 DEOPT UNPACKING pc=0x000001db6702a1a9 sp=0x000000830b9f8738 mode 2
Event: 156.673 Thread 0x000001db7ee0a800 Uncommon trap: trap_request=0xffffff4d fr.pc=0x000001db6eab84a4 relative=0x0000000000000404
Event: 156.673 Thread 0x000001db7ee0a800 Uncommon trap: reason=unstable_if action=reinterpret pc=0x000001db6eab84a4 method=java.util.regex.Matcher.match(II)Z @ 76 c2
Event: 156.673 Thread 0x000001db7ee0a800 DEOPT PACKING pc=0x000001db6eab84a4 sp=0x000000830b9f87e0
Event: 156.674 Thread 0x000001db7ee0a800 DEOPT UNPACKING pc=0x000001db6702a1a9 sp=0x000000830b9f87b0 mode 2

Classes redefined (0 events):
No events

Internal exceptions (19 events):
Event: 2.622 Thread 0x000001db634ce000 Exception <a 'java/lang/NoSuchMethodError'{0x0000000083b147f8}: 'int java.lang.invoke.DirectMethodHandle$Holder.invokeStaticInit(java.lang.Object, java.lang.Object)'> (0x0000000083b147f8) thrown at [./src/hotspot/share/interpreter/linkResolver.cpp, line 773]
Event: 3.197 Thread 0x000001db634ce000 Exception <a 'java/lang/NoSuchMethodError'{0x0000000083bdb4d0}: 'int java.lang.invoke.DirectMethodHandle$Holder.invokeSpecial(java.lang.Object, java.lang.Object, java.lang.Object, java.lang.Object)'> (0x0000000083bdb4d0) thrown at [./src/hotspot/share/interpreter/linkResolver.cpp, line 773]
Event: 3.247 Thread 0x000001db634ce000 Exception <a 'java/lang/NoSuchMethodError'{0x0000000083a134d8}: 'int java.lang.invoke.DirectMethodHandle$Holder.invokeSpecialIFC(java.lang.Object, java.lang.Object, int)'> (0x0000000083a134d8) thrown at [./src/hotspot/share/interpreter/linkResolver.cpp, line 773]
Event: 8.439 Thread 0x000001db634ce000 Exception <a 'java/lang/NoClassDefFoundError'{0x0000000083dad590}: org/slf4j/impl/StaticMarkerBinder> (0x0000000083dad590) thrown at [./src/hotspot/share/classfile/systemDictionary.cpp, line 220]
Event: 8.948 Thread 0x000001db634ce000 Exception <a 'java/lang/NoSuchMethodError'{0x000000008391de30}: 'java.lang.Object java.lang.invoke.DirectMethodHandle$Holder.invokeVirtual(java.lang.Object, java.lang.Object, java.lang.Object, java.lang.Object, java.lang.Object, java.lang.Object, java.lang.Object)'> (0x000000008391de30) thrown at [./src/hotspot/share/interpreter/linkResolver.cpp, line 773]
Event: 8.959 Thread 0x000001db634ce000 Exception <a 'java/lang/NoSuchMethodError'{0x00000000839322a0}: 'java.lang.Object java.lang.invoke.Invokers$Holder.invoker(java.lang.Object, java.lang.Object, java.lang.Object)'> (0x00000000839322a0) thrown at [./src/hotspot/share/interpreter/linkResolver.cpp, line 773]
Event: 8.972 Thread 0x000001db634ce000 Exception <a 'java/lang/NoSuchMethodError'{0x0000000083943318}: 'void java.lang.invoke.DelegatingMethodHandle$Holder.delegate(java.lang.Object, java.lang.Object, int, java.lang.Object)'> (0x0000000083943318) thrown at [./src/hotspot/share/interpreter/linkResolver.cpp, line 773]
Event: 14.945 Thread 0x000001db634ce000 Exception <a 'java/security/PrivilegedActionException'{0x00000000832aef40}> (0x00000000832aef40) thrown at [./src/hotspot/share/prims/jvm.cpp, line 1306]
Event: 14.946 Thread 0x000001db634ce000 Exception <a 'java/security/PrivilegedActionException'{0x00000000832af4b8}> (0x00000000832af4b8) thrown at [./src/hotspot/share/prims/jvm.cpp, line 1306]
Event: 17.173 Thread 0x000001db634ce000 Exception <a 'java/lang/NoSuchMethodError'{0x0000000083abc180}: 'java.lang.Object java.lang.invoke.DirectMethodHandle$Holder.invokeStaticInit(java.lang.Object, java.lang.Object, java.lang.Object)'> (0x0000000083abc180) thrown at [./src/hotspot/share/interpreter/linkResolver.cpp, line 773]
Event: 18.258 Thread 0x000001db634ce000 Exception <a 'java/lang/NoSuchMethodError'{0x00000000834d3ba8}: 'java.lang.Object java.lang.invoke.DirectMethodHandle$Holder.invokeStaticInit(java.lang.Object, int, int, int, int)'> (0x00000000834d3ba8) thrown at [./src/hotspot/share/interpreter/linkResolver.cpp, line 773]
Event: 20.391 Thread 0x000001db634ce000 Exception <a 'java/lang/NoSuchMethodError'{0x000000008332eaa0}: 'java.lang.Object java.lang.invoke.DirectMethodHandle$Holder.invokeStaticInit(java.lang.Object, java.lang.Object, int, int, int, int)'> (0x000000008332eaa0) thrown at [./src/hotspot/share/interpreter/linkResolver.cpp, line 773]
Event: 24.110 Thread 0x000001db634ce000 Exception <a 'java/io/IOException'{0x00000000832f1af0}> (0x00000000832f1af0) thrown at [./src/hotspot/share/prims/jni.cpp, line 615]
Event: 127.959 Thread 0x000001db7ee0a800 Exception <a 'java/lang/NoSuchMethodError'{0x0000000082ae4bb0}: 'long java.lang.invoke.DirectMethodHandle$Holder.invokeInterface(java.lang.Object, java.lang.Object)'> (0x0000000082ae4bb0) thrown at [./src/hotspot/share/interpreter/linkResolver.cpp, line 773]
Event: 127.999 Thread 0x000001db7ee0a800 Exception <a 'java/lang/NoSuchMethodError'{0x0000000082af1c50}: 'void java.lang.invoke.DelegatingMethodHandle$Holder.reinvoke_L(java.lang.Object, java.lang.Object, java.lang.Object, java.lang.Object, java.lang.Object, java.lang.Object, java.lang.Object)'> (0x0000000082af1c50) thrown at [./src/hotspot/share/interpreter/linkResolver.cpp, line 773]
Event: 156.223 Thread 0x000001db7ee0a800 Exception <a 'java/lang/NoSuchMethodError'{0x000000008360f168}: 'void java.lang.invoke.DirectMethodHandle$Holder.invokeStaticInit(java.lang.Object)'> (0x000000008360f168) thrown at [./src/hotspot/share/interpreter/linkResolver.cpp, line 773]
Event: 156.504 Thread 0x000001db7ee0a800 Exception <a 'java/lang/NoSuchMethodError'{0x00000000836bafe0}: 'java.lang.Object java.lang.invoke.DirectMethodHandle$Holder.invokeStatic(java.lang.Object, java.lang.Object, java.lang.Object, int)'> (0x00000000836bafe0) thrown at [./src/hotspot/share/interpreter/linkResolver.cpp, line 773]
Event: 156.511 Thread 0x000001db7ee0a800 Exception <a 'java/lang/NoSuchMethodError'{0x00000000836bf6f8}: 'java.lang.Object java.lang.invoke.DirectMethodHandle$Holder.invokeSpecial(java.lang.Object, java.lang.Object, java.lang.Object, java.lang.Object, int)'> (0x00000000836bf6f8) thrown at [./src/hotspot/share/interpreter/linkResolver.cpp, line 773]
Event: 156.514 Thread 0x000001db7ee0a800 Exception <a 'java/lang/NoSuchMethodError'{0x00000000836c3630}: 'java.lang.Object java.lang.invoke.Invokers$Holder.linkToTargetMethod(java.lang.Object, java.lang.Object, int, java.lang.Object)'> (0x00000000836c3630) thrown at [./src/hotspot/share/interpreter/linkResolver.cpp, line 773]

Events (20 events):
Event: 157.112 loading class org/gradle/internal/service/scopes/VirtualFileSystemServices$GradleUserHomeServices$1 done
Event: 157.118 loading class org/gradle/internal/nativeintegration/services/NativeServices$3
Event: 157.118 loading class org/gradle/internal/nativeintegration/services/NativeServices$3 done
Event: 157.122 loading class org/gradle/cache/internal/DefaultGlobalCacheLocations
Event: 157.122 loading class org/gradle/cache/internal/DefaultGlobalCacheLocations done
Event: 157.123 loading class org/gradle/internal/file/FileHierarchySet$NodeVisitor
Event: 157.123 loading class org/gradle/internal/file/FileHierarchySet$NodeVisitor done
Event: 157.124 loading class org/gradle/internal/file/FileHierarchySet$Node
Event: 157.124 loading class org/gradle/internal/file/FileHierarchySet$Node done
Event: 157.137 loading class org/gradle/internal/file/FilePathUtil
Event: 157.137 loading class org/gradle/internal/file/FilePathUtil done
Event: 157.142 Executing VM operation: CollectForMetadataAllocation
Event: 157.200 Executing VM operation: CollectForMetadataAllocation done
Event: 157.247 loading class net/rubygrapefruit/platform/internal/PosixFileSystems
Event: 157.247 loading class net/rubygrapefruit/platform/internal/PosixFileSystems done
Event: 157.280 loading class org/gradle/internal/watch/vfs/impl/DefaultWatchableFileSystemDetector
Event: 157.280 loading class org/gradle/internal/watch/vfs/impl/DefaultWatchableFileSystemDetector done
Event: 157.303 Executing VM operation: RevokeBias
Event: 157.304 Executing VM operation: RevokeBias done
Event: 157.377 Executing VM operation: CGC_Operation


Dynamic libraries:
0x00007ff6736d0000 - 0x00007ff6736da000 	C:\Program Files\Android\Android Studio\jre\bin\java.exe
0x00007ff926fc0000 - 0x00007ff9271c9000 	C:\WINDOWS\SYSTEM32\ntdll.dll
0x00007ff925b30000 - 0x00007ff925bed000 	C:\WINDOWS\System32\KERNEL32.DLL
0x00007ff924a50000 - 0x00007ff924dcc000 	C:\WINDOWS\System32\KERNELBASE.dll
0x00007ff9247c0000 - 0x00007ff9248d1000 	C:\WINDOWS\System32\ucrtbase.dll
0x00007ff90b910000 - 0x00007ff90b929000 	C:\Program Files\Android\Android Studio\jre\bin\jli.dll
0x00007ff926c80000 - 0x00007ff926e2d000 	C:\WINDOWS\System32\USER32.dll
0x00007ff9244a0000 - 0x00007ff9244c6000 	C:\WINDOWS\System32\win32u.dll
0x00007ff925f50000 - 0x00007ff925f79000 	C:\WINDOWS\System32\GDI32.dll
0x00007ff924600000 - 0x00007ff924719000 	C:\WINDOWS\System32\gdi32full.dll
0x00007ff924720000 - 0x00007ff9247bd000 	C:\WINDOWS\System32\msvcp_win.dll
0x00007ff90be70000 - 0x00007ff90c115000 	C:\WINDOWS\WinSxS\amd64_microsoft.windows.common-controls_6595b64144ccf1df_6.0.22000.120_none_9d947278b86cc467\COMCTL32.dll
0x00007ff90a630000 - 0x00007ff90a647000 	C:\Program Files\Android\Android Studio\jre\bin\VCRUNTIME140.dll
0x00007ff9257a0000 - 0x00007ff925843000 	C:\WINDOWS\System32\msvcrt.dll
0x00007ff9252c0000 - 0x00007ff9252f1000 	C:\WINDOWS\System32\IMM32.DLL
0x00007ff8ed130000 - 0x00007ff8ed1cd000 	C:\Program Files\Android\Android Studio\jre\bin\msvcp140.dll
0x00007ff8c1820000 - 0x00007ff8c2305000 	C:\Program Files\Android\Android Studio\jre\bin\server\jvm.dll
0x00007ff925880000 - 0x00007ff92592e000 	C:\WINDOWS\System32\ADVAPI32.dll
0x00007ff925a30000 - 0x00007ff925ace000 	C:\WINDOWS\System32\sechost.dll
0x00007ff926310000 - 0x00007ff926430000 	C:\WINDOWS\System32\RPCRT4.dll
0x00007ff925870000 - 0x00007ff925878000 	C:\WINDOWS\System32\PSAPI.DLL
0x00007ff920e40000 - 0x00007ff920e49000 	C:\WINDOWS\SYSTEM32\WSOCK32.dll
0x00007ff9253b0000 - 0x00007ff92541f000 	C:\WINDOWS\System32\WS2_32.dll
0x00007ff91c5f0000 - 0x00007ff91c623000 	C:\WINDOWS\SYSTEM32\WINMM.dll
0x00007ff91adc0000 - 0x00007ff91adca000 	C:\WINDOWS\SYSTEM32\VERSION.dll
0x00007ff923590000 - 0x00007ff9235a8000 	C:\WINDOWS\SYSTEM32\kernel.appcore.dll
0x00007ff91de60000 - 0x00007ff91de71000 	C:\Program Files\Android\Android Studio\jre\bin\verify.dll
0x00007ff922010000 - 0x00007ff922231000 	C:\WINDOWS\SYSTEM32\DBGHELP.DLL
0x00007ff907610000 - 0x00007ff907641000 	C:\WINDOWS\SYSTEM32\dbgcore.DLL
0x00007ff924dd0000 - 0x00007ff924e4f000 	C:\WINDOWS\System32\bcryptPrimitives.dll
0x00007ff90f540000 - 0x00007ff90f569000 	C:\Program Files\Android\Android Studio\jre\bin\java.dll
0x00007ff920e30000 - 0x00007ff920e3b000 	C:\Program Files\Android\Android Studio\jre\bin\jimage.dll
0x00007ff91c2a0000 - 0x00007ff91c2b8000 	C:\Program Files\Android\Android Studio\jre\bin\zip.dll
0x00007ff926430000 - 0x00007ff926be8000 	C:\WINDOWS\System32\SHELL32.dll
0x00007ff922600000 - 0x00007ff922e68000 	C:\WINDOWS\SYSTEM32\windows.storage.dll
0x00007ff925420000 - 0x00007ff925799000 	C:\WINDOWS\System32\combase.dll
0x00007ff922490000 - 0x00007ff9225f6000 	C:\WINDOWS\SYSTEM32\wintypes.dll
0x00007ff926020000 - 0x00007ff92610a000 	C:\WINDOWS\System32\SHCORE.dll
0x00007ff926e30000 - 0x00007ff926e8d000 	C:\WINDOWS\System32\shlwapi.dll
0x00007ff9243d0000 - 0x00007ff9243f1000 	C:\WINDOWS\SYSTEM32\profapi.dll
0x00007ff90fb40000 - 0x00007ff90fb5a000 	C:\Program Files\Android\Android Studio\jre\bin\net.dll
0x00007ff91a8e0000 - 0x00007ff91a9ec000 	C:\WINDOWS\SYSTEM32\WINHTTP.dll
0x00007ff9239c0000 - 0x00007ff923a27000 	C:\WINDOWS\system32\mswsock.dll
0x00007ff90fab0000 - 0x00007ff90fac4000 	C:\Program Files\Android\Android Studio\jre\bin\nio.dll
0x00007ff90ada0000 - 0x00007ff90adc7000 	C:\Users\FAvour\.gradle\native\e1d6ef7f7dcc3fd88c89a11ec53ec762bb8ba0a96d01ffa2cd45eb1d1d8dd5c5\windows-amd64\native-platform.dll
0x00007ff8d83f0000 - 0x00007ff8d8534000 	C:\Users\FAvour\.gradle\native\5664cfc778a61ccfe75a443a1ab52a65af34e5dc3c78e0209fed803814484fcb\windows-amd64\native-platform-file-events.dll
0x00007ff920a00000 - 0x00007ff920a0a000 	C:\Program Files\Android\Android Studio\jre\bin\management.dll
0x00007ff90fb20000 - 0x00007ff90fb2d000 	C:\Program Files\Android\Android Studio\jre\bin\management_ext.dll
0x00007ff923c00000 - 0x00007ff923c18000 	C:\WINDOWS\SYSTEM32\CRYPTSP.dll
0x00007ff9234f0000 - 0x00007ff923525000 	C:\WINDOWS\system32\rsaenh.dll
0x00007ff923ab0000 - 0x00007ff923ad9000 	C:\WINDOWS\SYSTEM32\USERENV.dll
0x00007ff923d90000 - 0x00007ff923db7000 	C:\WINDOWS\SYSTEM32\bcrypt.dll
0x00007ff923c20000 - 0x00007ff923c2c000 	C:\WINDOWS\SYSTEM32\CRYPTBASE.dll
0x00007ff9230c0000 - 0x00007ff9230ed000 	C:\WINDOWS\SYSTEM32\IPHLPAPI.DLL
0x00007ff925850000 - 0x00007ff925859000 	C:\WINDOWS\System32\NSI.dll
0x00007ff91c550000 - 0x00007ff91c569000 	C:\WINDOWS\SYSTEM32\dhcpcsvc6.DLL
0x00007ff91b650000 - 0x00007ff91b66e000 	C:\WINDOWS\SYSTEM32\dhcpcsvc.DLL
0x00007ff9230f0000 - 0x00007ff9231d8000 	C:\WINDOWS\SYSTEM32\DNSAPI.dll

dbghelp: loaded successfully - version: 4.0.5 - missing functions: none
symbol engine: initialized successfully - sym options: 0x614 - pdb path: .;C:\Program Files\Android\Android Studio\jre\bin;C:\WINDOWS\SYSTEM32;C:\WINDOWS\WinSxS\amd64_microsoft.windows.common-controls_6595b64144ccf1df_6.0.22000.120_none_9d947278b86cc467;C:\Program Files\Android\Android Studio\jre\bin\server;C:\Users\FAvour\.gradle\native\e1d6ef7f7dcc3fd88c89a11ec53ec762bb8ba0a96d01ffa2cd45eb1d1d8dd5c5\windows-amd64;C:\Users\FAvour\.gradle\native\5664cfc778a61ccfe75a443a1ab52a65af34e5dc3c78e0209fed803814484fcb\windows-amd64

VM Arguments:
jvm_args: --add-opens=java.base/java.util=ALL-UNNAMED --add-opens=java.base/java.lang=ALL-UNNAMED --add-opens=java.base/java.lang.invoke=ALL-UNNAMED --add-opens=java.base/java.util=ALL-UNNAMED --add-opens=java.prefs/java.util.prefs=ALL-UNNAMED --add-opens=java.prefs/java.util.prefs=ALL-UNNAMED --add-opens=java.base/java.nio.charset=ALL-UNNAMED --add-opens=java.base/java.net=ALL-UNNAMED --add-opens=java.base/java.util.concurrent.atomic=ALL-UNNAMED -Xmx2048m -Dfile.encoding=UTF-8 -Duser.country=US -Duser.language=en -Duser.variant 
java_command: org.gradle.launcher.daemon.bootstrap.GradleDaemon 7.3.3
java_class_path (initial): C:\Users\FAvour\.gradle\wrapper\dists\gradle-7.3.3-bin\6a41zxkdtcxs8rphpq6y0069z\gradle-7.3.3\lib\gradle-launcher-7.3.3.jar
Launcher Type: SUN_STANDARD

[Global flags]
     intx CICompilerCount                          = 3                                         {product} {ergonomic}
     uint ConcGCThreads                            = 1                                         {product} {ergonomic}
     uint G1ConcRefinementThreads                  = 4                                         {product} {ergonomic}
   size_t G1HeapRegionSize                         = 1048576                                   {product} {ergonomic}
    uintx GCDrainStackTargetSize                   = 64                                        {product} {ergonomic}
   size_t InitialHeapSize                          = 65011712                                  {product} {ergonomic}
   size_t MarkStackSize                            = 4194304                                   {product} {ergonomic}
   size_t MaxHeapSize                              = 2147483648                                {product} {command line}
   size_t MaxNewSize                               = 1287651328                                {product} {ergonomic}
   size_t MinHeapDeltaBytes                        = 1048576                                   {product} {ergonomic}
    uintx NonNMethodCodeHeapSize                   = 5830732                                {pd product} {ergonomic}
    uintx NonProfiledCodeHeapSize                  = 122913754                              {pd product} {ergonomic}
    uintx ProfiledCodeHeapSize                     = 122913754                              {pd product} {ergonomic}
    uintx ReservedCodeCacheSize                    = 251658240                              {pd product} {ergonomic}
     bool SegmentedCodeCache                       = true                                      {product} {ergonomic}
     bool UseCompressedClassPointers               = true                                 {lp64_product} {ergonomic}
     bool UseCompressedOops                        = true                                 {lp64_product} {ergonomic}
     bool UseG1GC                                  = true                                      {product} {ergonomic}
     bool UseLargePagesIndividualAllocation        = false                                  {pd product} {ergonomic}

Logging:
Log output configuration:
 #0: stdout all=warning uptime,level,tags
 #1: stderr all=off uptime,level,tags

Environment Variables:
PATH=C:\WINDOWS\system32;C:\WINDOWS;C:\WINDOWS\System32\Wbem;C:\WINDOWS\System32\WindowsPowerShell\v1.0\;C:\WINDOWS\System32\OpenSSH\;C:\Program Files\Git\cmd;C:\xampp\php;C:\ProgramData\ComposerSetup\bin;C:\Users\FAvour\AppData\Local\Microsoft\WindowsApps;C:\Users\FAvour\AppData\Local\Programs\Microsoft VS Code\bin;C:\Users\FAvour\AppData\Local\GitHubDesktop\bin;C:\Users\FAvour\AppData\Roaming\Composer\vendor\bin
USERNAME=FAvour
OS=Windows_NT
PROCESSOR_IDENTIFIER=Intel64 Family 6 Model 122 Stepping 8, GenuineIntel



---------------  S Y S T E M  ---------------

OS: Windows 10 , 64 bit Build 22000 (10.0.22000.708)
OS uptime: 4 days 6:32 hours

CPU:total 4 (initial active 4) (4 cores per cpu, 1 threads per core) family 6 model 122 stepping 8 microcode 0x1a, cmov, cx8, fxsr, mmx, sse, sse2, sse3, ssse3, sse4.1, sse4.2, popcnt, aes, clmul, erms, 3dnowpref, tsc, tscinvbit, sha

Memory: 4k page, system-wide physical 3911M (58M free)
TotalPageFile size 15687M (AvailPageFile size 3M)
current process WorkingSet (physical memory assigned to process): 59M, peak: 91M
current process commit charge ("private bytes"): 177M, peak: 179M

vm_info: OpenJDK 64-Bit Server VM (11.0.12+7-b1504.28-7817840) for windows-amd64 JRE (11.0.12+7-b1504.28-7817840), built on Oct 13 2021 22:12:33 by "builder" with MS VC++ 14.0 (VS2015)

END.
